rDPDFReader/build/intermediates/manifest_merge_blame_file/debug/manifest-merger-blame-debug-report.txt
1<?xml version="1.0" encoding="utf-8"?>
2<manifest xmlns:android="http://schemas.android.com/apk/res/android"
3    package="com.naer.pdfreader"
4    android:versionCode="1"
5    android:versionName="1.0" >
6
7    <uses-sdk
7-->src\main\AndroidManifest.xml:8:5-475
8        android:minSdkVersion="28"
8-->src\main\AndroidManifest.xml:8:5-475
9        android:targetSdkVersion="32" />
9-->src\main\AndroidManifest.xml:8:5-475
10    <!--
11         The ACCESS_COARSE/FINE_LOCATION permissions are not required to use
12         Google Maps Android API v2, but you must specify either coarse or fine
13         location permissions for the "MyLocation" functionality.
14    -->
15    <queries>
15-->src\main\AndroidManifest.xml:14:5-19:15
16
17        <!-- Camera -->
18        <intent>
18-->src\main\AndroidManifest.xml:16:9-18:18
19            <action android:name="android.media.action.IMAGE_CAPTURE" />
19-->src\main\AndroidManifest.xml:17:13-73
19-->src\main\AndroidManifest.xml:17:21-70
20        </intent>
21        <!-- Needs to be explicitly declared on Android R+ -->
22        <package android:name="com.google.android.apps.maps" />
22-->[com.google.android.gms:play-services-maps:18.1.0] AndroidManifest.xml:33:9-64
22-->[com.google.android.gms:play-services-maps:18.1.0] AndroidManifest.xml:33:18-61
23    </queries>
24
25    <uses-permission android:name="android.permission.READ_EXTERNAL_STORAGE" />
25-->src\main\AndroidManifest.xml:21:5-80
25-->src\main\AndroidManifest.xml:21:22-77
26    <uses-permission android:name="android.permission.RECORD_AUDIO" />
26-->src\main\AndroidManifest.xml:22:5-71
26-->src\main\AndroidManifest.xml:22:22-68
27    <uses-permission android:name="android.permission.CAMERA" />
27-->src\main\AndroidManifest.xml:23:5-65
27-->src\main\AndroidManifest.xml:23:22-62
28    <uses-permission android:name="android.permission.WRITE_EXTERNAL_STORAGE" />
28-->src\main\AndroidManifest.xml:24:5-81
28-->src\main\AndroidManifest.xml:24:22-78
29    <uses-permission android:name="android.permission.ACCESS_COARSE_LOCATION" />
29-->src\main\AndroidManifest.xml:27:5-81
29-->src\main\AndroidManifest.xml:27:22-78
30    <uses-permission android:name="android.permission.ACCESS_FINE_LOCATION" />
30-->src\main\AndroidManifest.xml:28:5-79
30-->src\main\AndroidManifest.xml:28:22-76
31    <uses-permission android:name="android.permission.ACCESS_FINE_LOCATION" />
31-->src\main\AndroidManifest.xml:28:5-79
31-->src\main\AndroidManifest.xml:28:22-76
32    <uses-permission android:name="android.permission.WRITE_EXTERNAL_STORAGE" />
32-->src\main\AndroidManifest.xml:24:5-81
32-->src\main\AndroidManifest.xml:24:22-78
33    <uses-permission android:name="android.permission.INTERNET" />
33-->src\main\AndroidManifest.xml:31:5-67
33-->src\main\AndroidManifest.xml:31:22-64
34    <uses-permission android:name="android.permission.ACCESS_COARSE_LOCATION" />
34-->src\main\AndroidManifest.xml:27:5-81
34-->src\main\AndroidManifest.xml:27:22-78
35    <uses-permission android:name="android.permission.ACCESS_FINE_LOCATION" />
35-->src\main\AndroidManifest.xml:28:5-79
35-->src\main\AndroidManifest.xml:28:22-76
36
37    <supports-screens
37-->src\main\AndroidManifest.xml:35:5-41:40
38        android:anyDensity="true"
38-->src\main\AndroidManifest.xml:36:9-34
39        android:largeScreens="true"
39-->src\main\AndroidManifest.xml:37:9-36
40        android:normalScreens="true"
40-->src\main\AndroidManifest.xml:38:9-37
41        android:resizeable="true"
41-->src\main\AndroidManifest.xml:39:9-34
42        android:smallScreens="true"
42-->src\main\AndroidManifest.xml:40:9-36
43        android:xlargeScreens="true" />
43-->src\main\AndroidManifest.xml:41:9-37
44
45    <uses-feature android:name="android.hardware.camera" />
45-->src\main\AndroidManifest.xml:45:5-60
45-->src\main\AndroidManifest.xml:45:19-57
46    <uses-feature android:name="android.hardware.camera.autofocus" />
46-->src\main\AndroidManifest.xml:46:5-70
46-->src\main\AndroidManifest.xml:46:19-67
47
48    <uses-permission android:name="android.permission.READ_EXTERNAL_STORAGE" />
48-->src\main\AndroidManifest.xml:21:5-80
48-->src\main\AndroidManifest.xml:21:22-77
49    <uses-permission android:name="android.permission.RECORD_AUDIO" />
49-->src\main\AndroidManifest.xml:22:5-71
49-->src\main\AndroidManifest.xml:22:22-68
50    <uses-permission android:name="android.permission.READ_PHONE_STATE" />
50-->src\main\AndroidManifest.xml:50:5-75
50-->src\main\AndroidManifest.xml:50:22-72
51    <uses-permission android:name="android.permission.ACCESS_COARSE_LOCATION" />
51-->src\main\AndroidManifest.xml:27:5-81
51-->src\main\AndroidManifest.xml:27:22-78
52    <uses-permission android:name="android.permission.INTERNET" />
52-->src\main\AndroidManifest.xml:31:5-67
52-->src\main\AndroidManifest.xml:31:22-64
53    <uses-permission android:name="android.permission.READ_EXTERNAL_STORAGE" />
53-->src\main\AndroidManifest.xml:21:5-80
53-->src\main\AndroidManifest.xml:21:22-77
54    <uses-permission android:name="android.permission.ACCESS_NETWORK_STATE" />
54-->src\main\AndroidManifest.xml:54:5-79
54-->src\main\AndroidManifest.xml:54:22-76
55    <uses-permission android:name="android.permission.VIBRATE" />
55-->src\main\AndroidManifest.xml:55:5-66
55-->src\main\AndroidManifest.xml:55:22-63
56    <uses-permission android:name="android.permission.WAKE_LOCK" />
56-->src\main\AndroidManifest.xml:56:5-68
56-->src\main\AndroidManifest.xml:56:22-65
57
58    <uses-feature
58-->[com.google.android.gms:play-services-maps:18.1.0] AndroidManifest.xml:26:5-28:35
59        android:glEsVersion="0x00020000"
59-->[com.google.android.gms:play-services-maps:18.1.0] AndroidManifest.xml:27:9-41
60        android:required="true" />
60-->[com.google.android.gms:play-services-maps:18.1.0] AndroidManifest.xml:28:9-32
61
62    <uses-permission android:name="com.google.android.gms.permission.AD_ID" />
62-->[com.google.android.gms:play-services-measurement-api:21.1.1] AndroidManifest.xml:25:5-79
62-->[com.google.android.gms:play-services-measurement-api:21.1.1] AndroidManifest.xml:25:22-76
63    <uses-permission android:name="com.google.android.finsky.permission.BIND_GET_INSTALL_REFERRER_SERVICE" />
63-->[com.google.android.gms:play-services-measurement:21.1.1] AndroidManifest.xml:26:5-110
63-->[com.google.android.gms:play-services-measurement:21.1.1] AndroidManifest.xml:26:22-107
64
65    <application
65-->src\main\AndroidManifest.xml:62:5-147:19
66        android:allowBackup="true"
66-->src\main\AndroidManifest.xml:63:9-35
67        android:appComponentFactory="androidx.core.app.CoreComponentFactory"
67-->[androidx.core:core:1.8.0] AndroidManifest.xml:24:18-86
68        android:debuggable="true"
69        android:extractNativeLibs="false"
70        android:icon="@drawable/ic_launcher"
70-->src\main\AndroidManifest.xml:64:9-45
71        android:label="@string/app_name"
71-->src\main\AndroidManifest.xml:65:9-41
72        android:supportsRtl="true"
72-->[com.devlomi.record-view:record-view:2.0.1] AndroidManifest.xml:12:9-35
73        android:testOnly="true"
74        android:theme="@style/AppTheme"
74-->src\main\AndroidManifest.xml:66:9-40
75        android:usesCleartextTraffic="true" >
75-->src\main\AndroidManifest.xml:67:9-44
76        <activity android:name="com.naer.pdfreader.Leaderboard" />
76-->src\main\AndroidManifest.xml:69:9-49
76-->src\main\AndroidManifest.xml:69:19-46
77        <!--
78             The API key for Google Maps-based APIs is defined as a string resource.
79             (See the file "res/values/google_maps_api.xml").
80             Note that the API key is linked to the encryption key used to sign the APK.
81             You need a different API key for each encryption key, including the release key that is used to
82             sign the APK for publishing.
83             You can define the keys for the debug and release targets in src/debug/ and src/release/.
84        -->
85
86        <meta-data
86-->src\main\AndroidManifest.xml:79:9-81:71
87            android:name="com.google.android.geo.API_KEY"
87-->src\main\AndroidManifest.xml:80:13-58
88            android:value="AIzaSyA_MQRi-og_UdsFtzmSXgS0ZOkp9hoaAJo" />
88-->src\main\AndroidManifest.xml:81:13-68
89
90        <activity android:name="com.naer.pdfreader.GetDataShow" />
90-->src\main\AndroidManifest.xml:83:9-49
90-->src\main\AndroidManifest.xml:83:19-46
91        <activity android:name="com.naer.pdfreader.ConversationHomework" />
91-->src\main\AndroidManifest.xml:84:9-58
91-->src\main\AndroidManifest.xml:84:19-55
92        <activity
92-->src\main\AndroidManifest.xml:85:9-87:47
93            android:name="com.naer.pdfreader.ChatbotActivity"
93-->src\main\AndroidManifest.xml:86:13-44
94            android:theme="@style/AppTheme" />
94-->src\main\AndroidManifest.xml:87:13-44
95        <activity android:name="com.naer.pdfreader.ConversationPractice" />
95-->src\main\AndroidManifest.xml:89:9-58
95-->src\main\AndroidManifest.xml:89:19-55
96        <activity android:name="com.naer.pdfreader.ChoosePracticrPart" />
96-->src\main\AndroidManifest.xml:90:9-56
96-->src\main\AndroidManifest.xml:90:19-53
97        <activity android:name="com.naer.pdfreader.DramaAchievement" />
97-->src\main\AndroidManifest.xml:91:9-54
97-->src\main\AndroidManifest.xml:91:19-51
98        <activity android:name="com.naer.pdfreader.testAItext" />
98-->src\main\AndroidManifest.xml:92:9-48
98-->src\main\AndroidManifest.xml:92:19-45
99        <activity android:name="com.naer.pdfreader.EditDrama" />
99-->src\main\AndroidManifest.xml:93:9-47
99-->src\main\AndroidManifest.xml:93:19-44
100        <activity android:name="com.naer.pdfreader.CreatDrama" />
100-->src\main\AndroidManifest.xml:94:9-48
100-->src\main\AndroidManifest.xml:94:19-45
101        <activity android:name="com.naer.pdfreader.TestAc" />
101-->src\main\AndroidManifest.xml:95:9-44
101-->src\main\AndroidManifest.xml:95:19-41
102        <activity
102-->src\main\AndroidManifest.xml:96:9-108:20
103            android:name="com.naer.pdfreader.MainActivity"
103-->src\main\AndroidManifest.xml:97:13-41
104            android:configChanges="orientation|keyboardHidden|screenSize"
104-->src\main\AndroidManifest.xml:98:13-74
105            android:exported="true"
105-->src\main\AndroidManifest.xml:102:13-36
106            android:label="@string/app_name"
106-->src\main\AndroidManifest.xml:99:13-45
107            android:screenOrientation="landscape"
107-->src\main\AndroidManifest.xml:100:13-50
108            android:windowSoftInputMode="stateHidden" >
108-->src\main\AndroidManifest.xml:101:13-54
109            <intent-filter>
109-->src\main\AndroidManifest.xml:103:13-107:29
110                <action android:name="android.intent.action.MAIN" />
110-->src\main\AndroidManifest.xml:104:17-69
110-->src\main\AndroidManifest.xml:104:25-66
111
112                <category android:name="android.intent.category.LAUNCHER" />
112-->src\main\AndroidManifest.xml:106:17-77
112-->src\main\AndroidManifest.xml:106:27-74
113            </intent-filter>
114        </activity>
115        <activity
115-->src\main\AndroidManifest.xml:109:9-112:48
116            android:name="com.radaee.reader.PDFNavAct"
116-->src\main\AndroidManifest.xml:110:13-55
117            android:configChanges="orientation|keyboardHidden|screenSize"
117-->src\main\AndroidManifest.xml:111:13-74
118            android:label="@string/app_name" />
118-->src\main\AndroidManifest.xml:112:13-45
119        <activity
119-->src\main\AndroidManifest.xml:113:9-117:57
120            android:name="com.radaee.reader.PDFViewAct"
120-->src\main\AndroidManifest.xml:114:13-56
121            android:configChanges="orientation|keyboardHidden|screenSize"
121-->src\main\AndroidManifest.xml:115:13-74
122            android:theme="@android:style/Theme.NoTitleBar"
122-->src\main\AndroidManifest.xml:116:13-60
123            android:windowSoftInputMode="stateHidden" />
123-->src\main\AndroidManifest.xml:117:13-54
124        <activity
124-->src\main\AndroidManifest.xml:118:9-121:63
125            android:name="com.naer.pdfreader.PDFGLViewAct"
125-->src\main\AndroidManifest.xml:119:13-41
126            android:configChanges="orientation|keyboardHidden|screenSize"
126-->src\main\AndroidManifest.xml:120:13-74
127            android:theme="@android:style/Theme.NoTitleBar" />
127-->src\main\AndroidManifest.xml:121:13-60
128        <activity
128-->src\main\AndroidManifest.xml:122:9-125:63
129            android:name="com.radaee.reader.PDFCurlViewAct"
129-->src\main\AndroidManifest.xml:123:13-60
130            android:configChanges="orientation|keyboardHidden|screenSize"
130-->src\main\AndroidManifest.xml:124:13-74
131            android:theme="@android:style/Theme.NoTitleBar" />
131-->src\main\AndroidManifest.xml:125:13-60
132        <activity
132-->src\main\AndroidManifest.xml:126:9-129:63
133            android:name="com.naer.pdfreader.AboutActivity"
133-->src\main\AndroidManifest.xml:127:13-42
134            android:configChanges="orientation|keyboardHidden|screenSize"
134-->src\main\AndroidManifest.xml:128:13-74
135            android:theme="@android:style/Theme.NoTitleBar" />
135-->src\main\AndroidManifest.xml:129:13-60
136        <activity
136-->src\main\AndroidManifest.xml:130:9-132:60
137            android:name="com.naer.pdfreader.DialogActivity"
137-->src\main\AndroidManifest.xml:131:13-43
138            android:label="@string/title_activity_main2" />
138-->src\main\AndroidManifest.xml:132:13-57
139        <activity android:name="com.naer.pdfreader.PhotoActivity" />
139-->src\main\AndroidManifest.xml:133:9-51
139-->src\main\AndroidManifest.xml:133:19-48
140        <activity android:name="com.naer.pdfreader.ImageListActivity" />
140-->src\main\AndroidManifest.xml:134:9-55
140-->src\main\AndroidManifest.xml:134:19-52
141        <activity
141-->src\main\AndroidManifest.xml:135:9-137:73
142            android:name="com.naer.pdfreader.DramaRecycleView"
142-->src\main\AndroidManifest.xml:136:13-45
143            android:label="@string/title_activity_drama_recycle_view" />
143-->src\main\AndroidManifest.xml:137:13-70
144        <activity
144-->src\main\AndroidManifest.xml:138:9-140:55
145            android:name="com.naer.pdfreader.DescribeActivity"
145-->src\main\AndroidManifest.xml:139:13-45
146            android:windowSoftInputMode="adjustPan" />
146-->src\main\AndroidManifest.xml:140:13-52
147
148        <service
148-->src\main\AndroidManifest.xml:143:9-145:38
149            android:name="com.naer.pdfreader.MyService"
149-->src\main\AndroidManifest.xml:144:13-38
150            android:enabled="true" />
150-->src\main\AndroidManifest.xml:145:13-35
151
152        <receiver
152-->[:viewLib] AndroidManifest.xml:24:9-30:20
153            android:name="com.radaee.Broadcast.MyBroadcast"
153-->[:viewLib] AndroidManifest.xml:25:13-60
154            android:exported="false" >
154-->[:viewLib] AndroidManifest.xml:26:13-37
155            <intent-filter>
155-->[:viewLib] AndroidManifest.xml:27:13-29:29
156                <action android:name="StudentsName" />
156-->[:viewLib] AndroidManifest.xml:28:17-55
156-->[:viewLib] AndroidManifest.xml:28:25-52
157            </intent-filter>
158        </receiver>
159
160        <service
160-->[com.google.firebase:firebase-storage:20.0.2] AndroidManifest.xml:30:9-36:19
161            android:name="com.google.firebase.components.ComponentDiscoveryService"
161-->[com.google.firebase:firebase-storage:20.0.2] AndroidManifest.xml:31:13-84
162            android:directBootAware="true"
162-->[com.google.firebase:firebase-common:20.1.2] AndroidManifest.xml:35:13-43
163            android:exported="false" >
163-->[com.google.firebase:firebase-storage:20.0.2] AndroidManifest.xml:32:13-37
164            <meta-data
164-->[com.google.firebase:firebase-storage:20.0.2] AndroidManifest.xml:33:13-35:85
165                android:name="com.google.firebase.components:com.google.firebase.storage.StorageRegistrar"
165-->[com.google.firebase:firebase-storage:20.0.2] AndroidManifest.xml:34:17-107
166                android:value="com.google.firebase.components.ComponentRegistrar" />
166-->[com.google.firebase:firebase-storage:20.0.2] AndroidManifest.xml:35:17-82
167            <meta-data
167-->[com.google.firebase:firebase-auth:21.0.8] AndroidManifest.xml:67:13-69:85
168                android:name="com.google.firebase.components:com.google.firebase.auth.FirebaseAuthRegistrar"
168-->[com.google.firebase:firebase-auth:21.0.8] AndroidManifest.xml:68:17-109
169                android:value="com.google.firebase.components.ComponentRegistrar" />
169-->[com.google.firebase:firebase-auth:21.0.8] AndroidManifest.xml:69:17-82
170            <meta-data
170-->[com.google.firebase:firebase-database:20.0.6] AndroidManifest.xml:32:13-34:85
171                android:name="com.google.firebase.components:com.google.firebase.database.DatabaseRegistrar"
171-->[com.google.firebase:firebase-database:20.0.6] AndroidManifest.xml:33:17-109
172                android:value="com.google.firebase.components.ComponentRegistrar" />
172-->[com.google.firebase:firebase-database:20.0.6] AndroidManifest.xml:34:17-82
173            <meta-data
173-->[com.google.android.gms:play-services-measurement-api:21.1.1] AndroidManifest.xml:31:13-33:85
174                android:name="com.google.firebase.components:com.google.firebase.analytics.connector.internal.AnalyticsConnectorRegistrar"
174-->[com.google.android.gms:play-services-measurement-api:21.1.1] AndroidManifest.xml:32:17-139
175                android:value="com.google.firebase.components.ComponentRegistrar" />
175-->[com.google.android.gms:play-services-measurement-api:21.1.1] AndroidManifest.xml:33:17-82
176            <meta-data
176-->[com.google.firebase:firebase-installations:17.0.1] AndroidManifest.xml:18:13-20:85
177                android:name="com.google.firebase.components:com.google.firebase.installations.FirebaseInstallationsRegistrar"
177-->[com.google.firebase:firebase-installations:17.0.1] AndroidManifest.xml:19:17-127
178                android:value="com.google.firebase.components.ComponentRegistrar" />
178-->[com.google.firebase:firebase-installations:17.0.1] AndroidManifest.xml:20:17-82
179        </service>
180
181        <activity
181-->[com.google.firebase:firebase-auth:21.0.8] AndroidManifest.xml:27:9-44:20
182            android:name="com.google.firebase.auth.internal.GenericIdpActivity"
182-->[com.google.firebase:firebase-auth:21.0.8] AndroidManifest.xml:28:13-80
183            android:excludeFromRecents="true"
183-->[com.google.firebase:firebase-auth:21.0.8] AndroidManifest.xml:29:13-46
184            android:exported="true"
184-->[com.google.firebase:firebase-auth:21.0.8] AndroidManifest.xml:30:13-36
185            android:launchMode="singleTask"
185-->[com.google.firebase:firebase-auth:21.0.8] AndroidManifest.xml:31:13-44
186            android:theme="@android:style/Theme.Translucent.NoTitleBar" >
186-->[com.google.firebase:firebase-auth:21.0.8] AndroidManifest.xml:32:13-72
187            <intent-filter>
187-->[com.google.firebase:firebase-auth:21.0.8] AndroidManifest.xml:33:13-43:29
188                <action android:name="android.intent.action.VIEW" />
188-->[com.google.firebase:firebase-auth:21.0.8] AndroidManifest.xml:34:17-69
188-->[com.google.firebase:firebase-auth:21.0.8] AndroidManifest.xml:34:25-66
189
190                <category android:name="android.intent.category.DEFAULT" />
190-->[com.google.firebase:firebase-auth:21.0.8] AndroidManifest.xml:36:17-76
190-->[com.google.firebase:firebase-auth:21.0.8] AndroidManifest.xml:36:27-73
191                <category android:name="android.intent.category.BROWSABLE" />
191-->[com.google.firebase:firebase-auth:21.0.8] AndroidManifest.xml:37:17-78
191-->[com.google.firebase:firebase-auth:21.0.8] AndroidManifest.xml:37:27-75
192
193                <data
193-->[com.google.firebase:firebase-auth:21.0.8] AndroidManifest.xml:39:17-42:51
194                    android:host="firebase.auth"
194-->[com.google.firebase:firebase-auth:21.0.8] AndroidManifest.xml:40:21-49
195                    android:path="/"
195-->[com.google.firebase:firebase-auth:21.0.8] AndroidManifest.xml:41:21-37
196                    android:scheme="genericidp" />
196-->[com.google.firebase:firebase-auth:21.0.8] AndroidManifest.xml:42:21-48
197            </intent-filter>
198        </activity>
199        <activity
199-->[com.google.firebase:firebase-auth:21.0.8] AndroidManifest.xml:45:9-62:20
200            android:name="com.google.firebase.auth.internal.RecaptchaActivity"
200-->[com.google.firebase:firebase-auth:21.0.8] AndroidManifest.xml:46:13-79
201            android:excludeFromRecents="true"
201-->[com.google.firebase:firebase-auth:21.0.8] AndroidManifest.xml:47:13-46
202            android:exported="true"
202-->[com.google.firebase:firebase-auth:21.0.8] AndroidManifest.xml:48:13-36
203            android:launchMode="singleTask"
203-->[com.google.firebase:firebase-auth:21.0.8] AndroidManifest.xml:49:13-44
204            android:theme="@android:style/Theme.Translucent.NoTitleBar" >
204-->[com.google.firebase:firebase-auth:21.0.8] AndroidManifest.xml:50:13-72
205            <intent-filter>
205-->[com.google.firebase:firebase-auth:21.0.8] AndroidManifest.xml:51:13-61:29
206                <action android:name="android.intent.action.VIEW" />
206-->[com.google.firebase:firebase-auth:21.0.8] AndroidManifest.xml:34:17-69
206-->[com.google.firebase:firebase-auth:21.0.8] AndroidManifest.xml:34:25-66
207
208                <category android:name="android.intent.category.DEFAULT" />
208-->[com.google.firebase:firebase-auth:21.0.8] AndroidManifest.xml:36:17-76
208-->[com.google.firebase:firebase-auth:21.0.8] AndroidManifest.xml:36:27-73
209                <category android:name="android.intent.category.BROWSABLE" />
209-->[com.google.firebase:firebase-auth:21.0.8] AndroidManifest.xml:37:17-78
209-->[com.google.firebase:firebase-auth:21.0.8] AndroidManifest.xml:37:27-75
210
211                <data
211-->[com.google.firebase:firebase-auth:21.0.8] AndroidManifest.xml:39:17-42:51
212                    android:host="firebase.auth"
212-->[com.google.firebase:firebase-auth:21.0.8] AndroidManifest.xml:40:21-49
213                    android:path="/"
213-->[com.google.firebase:firebase-auth:21.0.8] AndroidManifest.xml:41:21-37
214                    android:scheme="recaptcha" />
214-->[com.google.firebase:firebase-auth:21.0.8] AndroidManifest.xml:42:21-48
215            </intent-filter>
216        </activity>
217        <activity
217-->[com.github.adrielcafe:AndroidAudioRecorder:0.3.0] AndroidManifest.xml:12:9-15:54
218            android:name="cafe.adriel.androidaudiorecorder.AudioRecorderActivity"
218-->[com.github.adrielcafe:AndroidAudioRecorder:0.3.0] AndroidManifest.xml:13:13-82
219            android:screenOrientation="portrait"
219-->[com.github.adrielcafe:AndroidAudioRecorder:0.3.0] AndroidManifest.xml:14:13-49
220            android:theme="@style/Theme.AppCompat" /> <!-- Needs to be explicitly declared on P+ -->
220-->[com.github.adrielcafe:AndroidAudioRecorder:0.3.0] AndroidManifest.xml:15:13-51
221        <uses-library
221-->[com.google.android.gms:play-services-maps:18.1.0] AndroidManifest.xml:39:9-41:40
222            android:name="org.apache.http.legacy"
222-->[com.google.android.gms:play-services-maps:18.1.0] AndroidManifest.xml:40:13-50
223            android:required="false" />
223-->[com.google.android.gms:play-services-maps:18.1.0] AndroidManifest.xml:41:13-37
224
225        <provider
225-->[com.squareup.picasso:picasso:2.8] AndroidManifest.xml:8:9-11:40
226            android:name="com.squareup.picasso.PicassoProvider"
226-->[com.squareup.picasso:picasso:2.8] AndroidManifest.xml:9:13-64
227            android:authorities="com.naer.pdfreader.com.squareup.picasso"
227-->[com.squareup.picasso:picasso:2.8] AndroidManifest.xml:10:13-72
228            android:exported="false" />
228-->[com.squareup.picasso:picasso:2.8] AndroidManifest.xml:11:13-37
229
230        <activity
230-->[com.google.android.gms:play-services-auth:20.3.0] AndroidManifest.xml:23:9-27:75
231            android:name="com.google.android.gms.auth.api.signin.internal.SignInHubActivity"
231-->[com.google.android.gms:play-services-auth:20.3.0] AndroidManifest.xml:24:13-93
232            android:excludeFromRecents="true"
232-->[com.google.android.gms:play-services-auth:20.3.0] AndroidManifest.xml:25:13-46
233            android:exported="false"
233-->[com.google.android.gms:play-services-auth:20.3.0] AndroidManifest.xml:26:13-37
234            android:theme="@android:style/Theme.Translucent.NoTitleBar" />
234-->[com.google.android.gms:play-services-auth:20.3.0] AndroidManifest.xml:27:13-72
235        <!--
236            Service handling Google Sign-In user revocation. For apps that do not integrate with
237            Google Sign-In, this service will never be started.
238        -->
239        <service
239-->[com.google.android.gms:play-services-auth:20.3.0] AndroidManifest.xml:33:9-37:51
240            android:name="com.google.android.gms.auth.api.signin.RevocationBoundService"
240-->[com.google.android.gms:play-services-auth:20.3.0] AndroidManifest.xml:34:13-89
241            android:exported="true"
241-->[com.google.android.gms:play-services-auth:20.3.0] AndroidManifest.xml:35:13-36
242            android:permission="com.google.android.gms.auth.api.signin.permission.REVOCATION_NOTIFICATION"
242-->[com.google.android.gms:play-services-auth:20.3.0] AndroidManifest.xml:36:13-107
243            android:visibleToInstantApps="true" />
243-->[com.google.android.gms:play-services-auth:20.3.0] AndroidManifest.xml:37:13-48
244
245        <activity
245-->[com.google.android.gms:play-services-base:18.0.1] AndroidManifest.xml:20:9-22:45
246            android:name="com.google.android.gms.common.api.GoogleApiActivity"
246-->[com.google.android.gms:play-services-base:18.0.1] AndroidManifest.xml:20:19-85
247            android:exported="false"
247-->[com.google.android.gms:play-services-base:18.0.1] AndroidManifest.xml:22:19-43
248            android:theme="@android:style/Theme.Translucent.NoTitleBar" />
248-->[com.google.android.gms:play-services-base:18.0.1] AndroidManifest.xml:21:19-78
249
250        <provider
250-->[com.google.firebase:firebase-common:20.1.2] AndroidManifest.xml:26:9-31:39
251            android:name="com.google.firebase.provider.FirebaseInitProvider"
251-->[com.google.firebase:firebase-common:20.1.2] AndroidManifest.xml:27:13-77
252            android:authorities="com.naer.pdfreader.firebaseinitprovider"
252-->[com.google.firebase:firebase-common:20.1.2] AndroidManifest.xml:28:13-72
253            android:directBootAware="true"
253-->[com.google.firebase:firebase-common:20.1.2] AndroidManifest.xml:29:13-43
254            android:exported="false"
254-->[com.google.firebase:firebase-common:20.1.2] AndroidManifest.xml:30:13-37
255            android:initOrder="100" />
255-->[com.google.firebase:firebase-common:20.1.2] AndroidManifest.xml:31:13-36
256
257        <receiver
257-->[com.google.android.gms:play-services-measurement:21.1.1] AndroidManifest.xml:29:9-33:20
258            android:name="com.google.android.gms.measurement.AppMeasurementReceiver"
258-->[com.google.android.gms:play-services-measurement:21.1.1] AndroidManifest.xml:30:13-85
259            android:enabled="true"
259-->[com.google.android.gms:play-services-measurement:21.1.1] AndroidManifest.xml:31:13-35
260            android:exported="false" >
260-->[com.google.android.gms:play-services-measurement:21.1.1] AndroidManifest.xml:32:13-37
261        </receiver>
262
263        <service
263-->[com.google.android.gms:play-services-measurement:21.1.1] AndroidManifest.xml:35:9-38:40
264            android:name="com.google.android.gms.measurement.AppMeasurementService"
264-->[com.google.android.gms:play-services-measurement:21.1.1] AndroidManifest.xml:36:13-84
265            android:enabled="true"
265-->[com.google.android.gms:play-services-measurement:21.1.1] AndroidManifest.xml:37:13-35
266            android:exported="false" />
266-->[com.google.android.gms:play-services-measurement:21.1.1] AndroidManifest.xml:38:13-37
267        <service
267-->[com.google.android.gms:play-services-measurement:21.1.1] AndroidManifest.xml:39:9-43:72
268            android:name="com.google.android.gms.measurement.AppMeasurementJobService"
268-->[com.google.android.gms:play-services-measurement:21.1.1] AndroidManifest.xml:40:13-87
269            android:enabled="true"
269-->[com.google.android.gms:play-services-measurement:21.1.1] AndroidManifest.xml:41:13-35
270            android:exported="false"
270-->[com.google.android.gms:play-services-measurement:21.1.1] AndroidManifest.xml:42:13-37
271            android:permission="android.permission.BIND_JOB_SERVICE" />
271-->[com.google.android.gms:play-services-measurement:21.1.1] AndroidManifest.xml:43:13-69
272
273        <meta-data
273-->[com.google.android.gms:play-services-basement:18.1.0] AndroidManifest.xml:21:9-23:69
274            android:name="com.google.android.gms.version"
274-->[com.google.android.gms:play-services-basement:18.1.0] AndroidManifest.xml:22:13-58
275            android:value="@integer/google_play_services_version" />
275-->[com.google.android.gms:play-services-basement:18.1.0] AndroidManifest.xml:23:13-66
276
277        <provider
277-->[androidx.emoji2:emoji2:1.2.0] AndroidManifest.xml:24:9-32:20
278            android:name="androidx.startup.InitializationProvider"
278-->[androidx.emoji2:emoji2:1.2.0] AndroidManifest.xml:25:13-67
279            android:authorities="com.naer.pdfreader.androidx-startup"
279-->[androidx.emoji2:emoji2:1.2.0] AndroidManifest.xml:26:13-68
280            android:exported="false" >
280-->[androidx.emoji2:emoji2:1.2.0] AndroidManifest.xml:27:13-37
281            <meta-data
281-->[androidx.emoji2:emoji2:1.2.0] AndroidManifest.xml:29:13-31:52
282                android:name="androidx.emoji2.text.EmojiCompatInitializer"